<?xml version="1.0" encoding="UTF-8"?>
<!-- Generated by org.testng.reporters.JUnitReportReporter -->
<testsuite hostname="user-PC" name="com.lokhande.selenium.test.homework.HomeworkMainTest" tests="3" failures="1" timestamp="28 Aug 2016 23:23:44 GMT" time="54.678" errors="0">
  <testcase name="guineaPigEmailTest" time="17.021" classname="com.lokhande.selenium.test.homework.HomeworkMainTest"/>
  <testcase name="guineaPigLinkTest" time="15.082" classname="com.lokhande.selenium.test.homework.HomeworkMainTest"/>
  <testcase name="pricingPlanFeatureTest" time="22.575" classname="com.lokhande.selenium.test.homework.HomeworkMainTest">
    <failure type="org.junit.ComparisonFailure" message="expected:&lt;$[49.]99&gt; but was:&lt;$[]99&gt;">
      <![CDATA[org.junit.ComparisonFailure: expected:<$[49.]99> but was:<$[]99>
	at org.junit.Assert.assertEquals(Assert.java:125)
	at org.junit.Assert.assertEquals(Assert.java:147)
	at com.lokhande.selenium.test.homework.HomeworkMainTest.pricingPlanFeatureTest(HomeworkMainTest.java:165)
	at sun.reflect.NativeMethodAccessorImpl.invoke0(Native Method)
	at sun.reflect.NativeMethodAccessorImpl.invoke(NativeMethodAccessorImpl.java:62)
	at sun.reflect.DelegatingMethodAccessorImpl.invoke(DelegatingMethodAccessorImpl.java:43)
	at java.lang.reflect.Method.invoke(Method.java:498)
	at org.testng.internal.MethodInvocationHelper.invokeMethod(MethodInvocationHelper.java:86)
	at org.testng.internal.Invoker.invokeMethod(Invoker.java:643)
	at org.testng.internal.Invoker.invokeTestMethod(Invoker.java:820)
	at org.testng.internal.TestMethodWithDataProviderMethodWorker.call(TestMethodWithDataProviderMethodWorker.java:75)
	at org.testng.internal.TestMethodWithDataProviderMethodWorker.call(TestMethodWithDataProviderMethodWorker.java:14)
	at java.util.concurrent.FutureTask.run(FutureTask.java:266)
	at java.util.concurrent.Executors$RunnableAdapter.call(Executors.java:511)
	at java.util.concurrent.FutureTask.run(FutureTask.java:266)
	at java.util.concurrent.ThreadPoolExecutor.runWorker(ThreadPoolExecutor.java:1142)
	at java.util.concurrent.ThreadPoolExecutor$Worker.run(ThreadPoolExecutor.java:617)
	at java.lang.Thread.run(Thread.java:745)
]]>
    </failure>
  </testcase> <!-- pricingPlanFeatureTest -->
</testsuite> <!-- com.lokhande.selenium.test.homework.HomeworkMainTest -->
